Base path: C:/Program Files (x86)/Unity/Editor/Data
Pipe name: \\.\pipe\UnityShaderCompiler-3-3252
Cmd: getPlatforms
Cmd: compileSnippet
  api=1 type=0 insize=5667 outsize=1006 kw=DIRECTIONAL SHADOWS_OFF LIGHTMAP_OFF DIRLIGHTMAP_OFF ok=1
Cmd: compileSnippet
  api=1 type=0 insize=5667 outsize=1113 kw=DIRECTIONAL SHADOWS_SCREEN LIGHTMAP_OFF DIRLIGHTMAP_OFF ok=1
Cmd: compileSnippet
  api=0 type=0 insize=5667 outsize=1049 kw=DIRECTIONAL SHADOWS_SCREEN LIGHTMAP_ON DIRLIGHTMAP_OFF ok=1
Cmd: compileSnippet
  api=8 type=0 insize=5667 outsize=4201 kw=DIRECTIONAL SHADOWS_SCREEN LIGHTMAP_ON DIRLIGHTMAP_OFF ok=1
Cmd: compileSnippet
  api=8 type=0 insize=5667 outsize=8824 kw=DIRECTIONAL SHADOWS_OFF LIGHTMAP_OFF DIRLIGHTMAP_OFF VERTEXLIGHT_ON ok=1
Cmd: compileSnippet
  api=8 type=1 insize=5667 outsize=4502 kw=DIRECTIONAL SHADOWS_OFF LIGHTMAP_OFF DIRLIGHTMAP_OFF ok=1
Cmd: compileSnippet
  api=1 type=1 insize=5667 outsize=1076 kw=DIRECTIONAL SHADOWS_SCREEN LIGHTMAP_OFF DIRLIGHTMAP_OFF ok=1
Cmd: compileSnippet
  api=8 type=1 insize=5667 outsize=5022 kw=DIRECTIONAL SHADOWS_SCREEN LIGHTMAP_OFF DIRLIGHTMAP_OFF ok=1
Cmd: compileSnippet
  api=0 type=0 insize=3457 outsize=1385 kw=POINT ok=1
Cmd: compileSnippet
  api=1 type=0 insize=3457 outsize=657 kw=DIRECTIONAL ok=1
Cmd: compileSnippet
  api=1 type=0 insize=3457 outsize=834 kw=SPOT ok=1
Cmd: compileSnippet
  api=0 type=0 insize=3457 outsize=1385 kw=POINT_COOKIE ok=1
Cmd: compileSnippet
  api=4 type=0 insize=3457 outsize=3630 kw=DIRECTIONAL_COOKIE ok=1
Cmd: compileSnippet
  api=1 type=1 insize=3457 outsize=940 kw=POINT ok=1
Cmd: compileSnippet
  api=0 type=1 insize=3457 outsize=1269 kw=SPOT ok=1
Cmd: compileSnippet
  api=8 type=1 insize=3457 outsize=5022 kw=SPOT ok=1
Cmd: compileSnippet
  api=4 type=1 insize=3457 outsize=2672 kw=DIRECTIONAL_COOKIE ok=1
Cmd: compileSnippet
  api=8 type=0 insize=1135 outsize=2088 kw= ok=1
Unhandled exception: Readfile from pipe failed. GLE=Ha terminado la canalización.


Quitting shader compiler process
