Base path: C:/Program Files (x86)/Unity/Editor/Data
Pipe name: \\.\pipe\UnityShaderCompiler-4-3248
Cmd: getPlatforms
Cmd: compileSnippet
  api=0 type=0 insize=5667 outsize=951 kw=DIRECTIONAL SHADOWS_OFF LIGHTMAP_ON DIRLIGHTMAP_OFF ok=1
Cmd: compileSnippet
  api=4 type=0 insize=5667 outsize=2509 kw=DIRECTIONAL SHADOWS_OFF LIGHTMAP_ON DIRLIGHTMAP_OFF ok=1
Cmd: compileSnippet
  api=4 type=0 insize=5667 outsize=4427 kw=DIRECTIONAL SHADOWS_SCREEN LIGHTMAP_OFF DIRLIGHTMAP_OFF ok=1
Cmd: compileSnippet
  api=4 type=0 insize=5667 outsize=2867 kw=DIRECTIONAL SHADOWS_SCREEN LIGHTMAP_ON DIRLIGHTMAP_OFF ok=1
Cmd: compileSnippet
  api=1 type=0 insize=5667 outsize=1569 kw=DIRECTIONAL SHADOWS_OFF LIGHTMAP_OFF DIRLIGHTMAP_OFF VERTEXLIGHT_ON ok=1
Cmd: compileSnippet
  api=0 type=0 insize=5667 outsize=2265 kw=DIRECTIONAL SHADOWS_SCREEN LIGHTMAP_OFF DIRLIGHTMAP_OFF VERTEXLIGHT_ON ok=1
Cmd: compileSnippet
  api=8 type=0 insize=5667 outsize=9336 kw=DIRECTIONAL SHADOWS_SCREEN LIGHTMAP_OFF DIRLIGHTMAP_OFF VERTEXLIGHT_ON ok=1
Cmd: compileSnippet
  api=0 type=1 insize=5667 outsize=732 kw=DIRECTIONAL SHADOWS_OFF LIGHTMAP_ON DIRLIGHTMAP_OFF ok=1
Cmd: compileSnippet
  api=8 type=1 insize=5667 outsize=3161 kw=DIRECTIONAL SHADOWS_OFF LIGHTMAP_ON DIRLIGHTMAP_OFF ok=1
Cmd: compileSnippet
  api=0 type=1 insize=5667 outsize=906 kw=DIRECTIONAL SHADOWS_SCREEN LIGHTMAP_ON DIRLIGHTMAP_OFF ok=1
Cmd: compileSnippet
  api=1 type=1 insize=5667 outsize=765 kw=DIRECTIONAL SHADOWS_SCREEN LIGHTMAP_ON DIRLIGHTMAP_OFF ok=1
Cmd: compileSnippet
  api=0 type=0 insize=3457 outsize=1094 kw=DIRECTIONAL ok=1
Cmd: compileSnippet
  api=8 type=0 insize=3457 outsize=4307 kw=DIRECTIONAL ok=1
Cmd: compileSnippet
  api=8 type=0 insize=3457 outsize=5460 kw=SPOT ok=1
Cmd: compileSnippet
  api=0 type=0 insize=3457 outsize=1305 kw=DIRECTIONAL_COOKIE ok=1
Cmd: compileSnippet
  api=8 type=0 insize=3457 outsize=5330 kw=DIRECTIONAL_COOKIE ok=1
Cmd: compileSnippet
  api=0 type=1 insize=3457 outsize=898 kw=DIRECTIONAL ok=1
Cmd: compileSnippet
  api=8 type=1 insize=3457 outsize=3705 kw=DIRECTIONAL ok=1
Cmd: compileSnippet
  api=8 type=1 insize=3457 outsize=4607 kw=POINT_COOKIE ok=1
Cmd: compileSnippet
  api=1 type=1 insize=1135 outsize=192 kw= ok=1
Unhandled exception: Readfile from pipe failed. GLE=Ha terminado la canalización.


Quitting shader compiler process
